[0.006s] Invoking command in '/root/ros_ws/build/cpp_pubsub': CMAKE_PREFIX_PATH=/opt/ros/humble /usr/bin/cmake --build /root/ros_ws/build/cpp_pubsub -- -j32 -l32
[0.030s] Invoked command in '/root/ros_ws/build/cpp_pubsub' returned '0': CMAKE_PREFIX_PATH=/opt/ros/humble /usr/bin/cmake --build /root/ros_ws/build/cpp_pubsub -- -j32 -l32
[0.047s] Invoking command in '/root/ros_ws/build/cpp_pubsub': CMAKE_PREFIX_PATH=/opt/ros/humble /usr/bin/cmake --install /root/ros_ws/build/cpp_pubsub
[0.051s] -- Install configuration: ""
[0.051s] -- Up-to-date: /root/ros_ws/install/cpp_pubsub/share/ament_index/resource_index/package_run_dependencies/cpp_pubsub
[0.051s] -- Up-to-date: /root/ros_ws/install/cpp_pubsub/share/ament_index/resource_index/parent_prefix_path/cpp_pubsub
[0.051s] -- Up-to-date: /root/ros_ws/install/cpp_pubsub/share/cpp_pubsub/environment/ament_prefix_path.sh
[0.051s] -- Up-to-date: /root/ros_ws/install/cpp_pubsub/share/cpp_pubsub/environment/ament_prefix_path.dsv
[0.051s] -- Up-to-date: /root/ros_ws/install/cpp_pubsub/share/cpp_pubsub/environment/path.sh
[0.051s] -- Up-to-date: /root/ros_ws/install/cpp_pubsub/share/cpp_pubsub/environment/path.dsv
[0.051s] -- Up-to-date: /root/ros_ws/install/cpp_pubsub/share/cpp_pubsub/local_setup.bash
[0.051s] -- Up-to-date: /root/ros_ws/install/cpp_pubsub/share/cpp_pubsub/local_setup.sh
[0.051s] -- Up-to-date: /root/ros_ws/install/cpp_pubsub/share/cpp_pubsub/local_setup.zsh
[0.051s] -- Up-to-date: /root/ros_ws/install/cpp_pubsub/share/cpp_pubsub/local_setup.dsv
[0.051s] -- Up-to-date: /root/ros_ws/install/cpp_pubsub/share/cpp_pubsub/package.dsv
[0.051s] -- Up-to-date: /root/ros_ws/install/cpp_pubsub/share/ament_index/resource_index/packages/cpp_pubsub
[0.051s] -- Up-to-date: /root/ros_ws/install/cpp_pubsub/share/cpp_pubsub/cmake/cpp_pubsubConfig.cmake
[0.052s] -- Up-to-date: /root/ros_ws/install/cpp_pubsub/share/cpp_pubsub/cmake/cpp_pubsubConfig-version.cmake
[0.052s] -- Up-to-date: /root/ros_ws/install/cpp_pubsub/share/cpp_pubsub/package.xml
[0.053s] Invoked command in '/root/ros_ws/build/cpp_pubsub' returned '0': CMAKE_PREFIX_PATH=/opt/ros/humble /usr/bin/cmake --install /root/ros_ws/build/cpp_pubsub
