[0.007s] Invoking command in '/root/ros_ws/build/cpp_pubsub': CMAKE_PREFIX_PATH=/opt/ros/humble /usr/bin/cmake --build /root/ros_ws/build/cpp_pubsub -- -j32 -l32
[0.022s] -- Found ament_cmake: 1.3.10 (/opt/ros/humble/share/ament_cmake/cmake)
[0.084s] -- Found ament_lint_auto: 0.12.11 (/opt/ros/humble/share/ament_lint_auto/cmake)
[0.118s] -- Added test 'cppcheck' to perform static code analysis on C / C++ code
[0.118s] -- Configured cppcheck include dirs: 
[0.118s] -- Configured cppcheck exclude dirs and/or files: 
[0.118s] -- Added test 'lint_cmake' to check CMake code style
[0.118s] -- Added test 'uncrustify' to check C / C++ code style
[0.119s] -- Configured uncrustify additional arguments: 
[0.119s] -- Added test 'xmllint' to check XML markup files
[0.119s] -- Found rclcpp: 16.0.10 (/opt/ros/humble/share/rclcpp/cmake)
[0.133s] -- Found rosidl_generator_c: 3.1.5 (/opt/ros/humble/share/rosidl_generator_c/cmake)
[0.135s] -- Found rosidl_adapter: 3.1.5 (/opt/ros/humble/share/rosidl_adapter/cmake)
[0.138s] -- Found rosidl_generator_cpp: 3.1.5 (/opt/ros/humble/share/rosidl_generator_cpp/cmake)
[0.142s] -- Using all available rosidl_typesupport_c: rosidl_typesupport_fastrtps_c;rosidl_typesupport_introspection_c
[0.148s] -- Using all available rosidl_typesupport_cpp: rosidl_typesupport_fastrtps_cpp;rosidl_typesupport_introspection_cpp
[0.165s] -- Found rmw_implementation_cmake: 6.1.2 (/opt/ros/humble/share/rmw_implementation_cmake/cmake)
[0.165s] -- Found rmw_fastrtps_cpp: 6.2.7 (/opt/ros/humble/share/rmw_fastrtps_cpp/cmake)
[0.227s] -- Using RMW implementation 'rmw_fastrtps_cpp' as default
[0.251s] [31mCMake Error at /opt/ros/humble/share/ament_cmake_target_dependencies/cmake/ament_target_dependencies.cmake:77 (message):
[0.251s]   ament_target_dependencies() the passed package name 'geometry_msgs' was not
[0.251s]   found before
[0.251s] Call Stack (most recent call first):
[0.251s]   CMakeLists.txt:33 (ament_target_dependencies)
[0.251s] 
[0.251s] [0m
[0.252s] -- Configuring incomplete, errors occurred!
[0.252s] See also "/root/ros_ws/build/cpp_pubsub/CMakeFiles/CMakeOutput.log".
[0.255s] gmake: *** [Makefile:267: cmake_check_build_system] Error 1
[0.256s] Invoked command in '/root/ros_ws/build/cpp_pubsub' returned '2': CMAKE_PREFIX_PATH=/opt/ros/humble /usr/bin/cmake --build /root/ros_ws/build/cpp_pubsub -- -j32 -l32
