[0.007s] Invoking command in '/root/ros_ws/build/cpp_pubsub': CMAKE_PREFIX_PATH=/opt/ros/humble /usr/bin/cmake --build /root/ros_ws/build/cpp_pubsub -- -j32 -l32
[0.035s] [35m[1mConsolidate compiler generated dependencies of target talker[0m
[0.066s] [ 50%] [32mBuilding CXX object CMakeFiles/talker.dir/src/publisher_member_function.cpp.o[0m
[6.584s] [100%] [32m[1mLinking CXX executable talker[0m
[6.985s] [100%] Built target talker
[6.993s] Invoked command in '/root/ros_ws/build/cpp_pubsub' returned '0': CMAKE_PREFIX_PATH=/opt/ros/humble /usr/bin/cmake --build /root/ros_ws/build/cpp_pubsub -- -j32 -l32
[7.015s] Invoking command in '/root/ros_ws/build/cpp_pubsub': CMAKE_PREFIX_PATH=/opt/ros/humble /usr/bin/cmake --install /root/ros_ws/build/cpp_pubsub
[7.018s] -- Install configuration: ""
[7.018s] -- Up-to-date: /root/ros_ws/install/cpp_pubsub/share/ament_index/resource_index/package_run_dependencies/cpp_pubsub
[7.018s] -- Up-to-date: /root/ros_ws/install/cpp_pubsub/share/ament_index/resource_index/parent_prefix_path/cpp_pubsub
[7.018s] -- Up-to-date: /root/ros_ws/install/cpp_pubsub/share/cpp_pubsub/environment/ament_prefix_path.sh
[7.018s] -- Up-to-date: /root/ros_ws/install/cpp_pubsub/share/cpp_pubsub/environment/ament_prefix_path.dsv
[7.018s] -- Up-to-date: /root/ros_ws/install/cpp_pubsub/share/cpp_pubsub/environment/path.sh
[7.018s] -- Up-to-date: /root/ros_ws/install/cpp_pubsub/share/cpp_pubsub/environment/path.dsv
[7.019s] -- Up-to-date: /root/ros_ws/install/cpp_pubsub/share/cpp_pubsub/local_setup.bash
[7.019s] -- Up-to-date: /root/ros_ws/install/cpp_pubsub/share/cpp_pubsub/local_setup.sh
[7.019s] -- Up-to-date: /root/ros_ws/install/cpp_pubsub/share/cpp_pubsub/local_setup.zsh
[7.019s] -- Up-to-date: /root/ros_ws/install/cpp_pubsub/share/cpp_pubsub/local_setup.dsv
[7.019s] -- Installing: /root/ros_ws/install/cpp_pubsub/share/cpp_pubsub/package.dsv
[7.019s] -- Up-to-date: /root/ros_ws/install/cpp_pubsub/share/ament_index/resource_index/packages/cpp_pubsub
[7.019s] -- Up-to-date: /root/ros_ws/install/cpp_pubsub/share/cpp_pubsub/cmake/cpp_pubsubConfig.cmake
[7.019s] -- Up-to-date: /root/ros_ws/install/cpp_pubsub/share/cpp_pubsub/cmake/cpp_pubsubConfig-version.cmake
[7.019s] -- Up-to-date: /root/ros_ws/install/cpp_pubsub/share/cpp_pubsub/package.xml
[7.019s] -- Installing: /root/ros_ws/install/cpp_pubsub/lib/cpp_pubsub/talker
[7.030s] -- Set runtime path of "/root/ros_ws/install/cpp_pubsub/lib/cpp_pubsub/talker" to ""
[7.031s] Invoked command in '/root/ros_ws/build/cpp_pubsub' returned '0': CMAKE_PREFIX_PATH=/opt/ros/humble /usr/bin/cmake --install /root/ros_ws/build/cpp_pubsub
