[35m[1mConsolidate compiler generated dependencies of target talker[0m
[ 50%] [32mBuilding CXX object CMakeFiles/talker.dir/src/publisher_member_function.cpp.o[0m
[01m[K/root/ros_ws/src/cpp_pubsub/src/publisher_member_function.cpp:[m[K In member function ‘[01m[Kvoid AutonomousCarterDriver::pointcloud_callback(sensor_msgs::msg::PointCloud2_<std::allocator<void> >::SharedPtr)[m[K’:
[01m[K/root/ros_ws/src/cpp_pubsub/src/publisher_member_function.cpp:63:17:[m[K [01;35m[Kwarning: [m[Kunused variable ‘[01m[Kside_detection_threshold[m[K’ [[01;35m[K]8;;https://gcc.gnu.org/onlinedocs/gcc/Warning-Options.html#index-Wunused-variable-Wunused-variable]8;;[m[K]
   63 |     const float [01;35m[Kside_detection_threshold[m[K = 1.0;
      |                 [01;35m[K^~~~~~~~~~~~~~~~~~~~~~~~[m[K
[100%] [32m[1mLinking CXX executable talker[0m
[100%] Built target talker
-- Install configuration: ""
-- Up-to-date: /root/ros_ws/install/cpp_pubsub/share/ament_index/resource_index/package_run_dependencies/cpp_pubsub
-- Up-to-date: /root/ros_ws/install/cpp_pubsub/share/ament_index/resource_index/parent_prefix_path/cpp_pubsub
-- Up-to-date: /root/ros_ws/install/cpp_pubsub/share/cpp_pubsub/environment/ament_prefix_path.sh
-- Up-to-date: /root/ros_ws/install/cpp_pubsub/share/cpp_pubsub/environment/ament_prefix_path.dsv
-- Up-to-date: /root/ros_ws/install/cpp_pubsub/share/cpp_pubsub/environment/path.sh
-- Up-to-date: /root/ros_ws/install/cpp_pubsub/share/cpp_pubsub/environment/path.dsv
-- Up-to-date: /root/ros_ws/install/cpp_pubsub/share/cpp_pubsub/local_setup.bash
-- Up-to-date: /root/ros_ws/install/cpp_pubsub/share/cpp_pubsub/local_setup.sh
-- Up-to-date: /root/ros_ws/install/cpp_pubsub/share/cpp_pubsub/local_setup.zsh
-- Up-to-date: /root/ros_ws/install/cpp_pubsub/share/cpp_pubsub/local_setup.dsv
-- Installing: /root/ros_ws/install/cpp_pubsub/share/cpp_pubsub/package.dsv
-- Up-to-date: /root/ros_ws/install/cpp_pubsub/share/ament_index/resource_index/packages/cpp_pubsub
-- Up-to-date: /root/ros_ws/install/cpp_pubsub/share/cpp_pubsub/cmake/cpp_pubsubConfig.cmake
-- Up-to-date: /root/ros_ws/install/cpp_pubsub/share/cpp_pubsub/cmake/cpp_pubsubConfig-version.cmake
-- Up-to-date: /root/ros_ws/install/cpp_pubsub/share/cpp_pubsub/package.xml
-- Installing: /root/ros_ws/install/cpp_pubsub/lib/cpp_pubsub/talker
-- Set runtime path of "/root/ros_ws/install/cpp_pubsub/lib/cpp_pubsub/talker" to ""
